Command line:
   PS2ToNoteTB_isim_beh.exe
     -simmode  gui
     -simrunnum  0
     -socket  39621

Wed Apr 13 11:19:31 2022


 Elaboration Time: 0.01 sec

 Current Memory Usage: 184.242 Meg

 Total Signals          : 13
 Total Nets             : 21
 Total Signal Drivers   : 7
 Total Blocks           : 3
 Total Primitive Blocks : 2
 Total Processes        : 6
 Total Traceable Variables  : 9
 Total Scalar Nets and Variables : 382
Total Line Count : 28

 Total Simulation Time: 0.01 sec

 Current Memory Usage: 259.744 Meg

Wed Apr 13 11:28:17 2022

