Command line:
   frequencyGeneratorTB_isim_beh.exe
     -simmode  gui
     -simrunnum  0
     -socket  39829

Wed May 11 18:18:56 2022


 Elaboration Time: 0.01 sec

 Current Memory Usage: 184.443 Meg

 Total Signals          : 15
 Total Nets             : 47
 Total Signal Drivers   : 9
 Total Blocks           : 6
 Total Primitive Blocks : 5
 Total Processes        : 6
 Total Traceable Variables  : 16
 Total Scalar Nets and Variables : 549
Total Line Count : 33

 Total Simulation Time: 15.52 sec

 Current Memory Usage: 259.944 Meg

Wed May 11 18:20:19 2022

