Command line:
   imageGenerator_isim_beh.exe
     -simmode  gui
     -simrunnum  0
     -socket  34297

Wed May 11 12:46:46 2022


 Elaboration Time: 0.01 sec

 Current Memory Usage: 183.988 Meg

 Total Signals          : 19
 Total Nets             : 190
 Total Signal Drivers   : 13
 Total Blocks           : 3
 Total Primitive Blocks : 3
 Total Processes        : 6
 Total Traceable Variables  : 13
 Total Scalar Nets and Variables : 673
Total Line Count : 75

 Total Simulation Time: 0.01 sec

 Current Memory Usage: 259.49 Meg

Wed May 11 12:46:51 2022

