Command line:
   PS2ToNote_isim_beh.exe
     -simmode  gui
     -simrunnum  0
     -socket  53145

Fri May 13 15:10:50 2022


 Elaboration Time: 0.02 sec

 Current Memory Usage: 184.336 Meg

 Total Signals          : 8
 Total Nets             : 29
 Total Signal Drivers   : 3
 Total Blocks           : 3
 Total Primitive Blocks : 3
 Total Processes        : 2
 Total Traceable Variables  : 13
 Total Scalar Nets and Variables : 512
Total Line Count : 24

 Total Simulation Time: 0.02 sec

 Current Memory Usage: 259.838 Meg

Fri May 13 15:10:59 2022

